<?xml version="1.0" encoding="UTF-8"?>
<testsuite name="Customer do login and he finish to buy" tests="1" skipped="0" failures="0" errors="0" timestamp="2023-05-15T22:30:37" hostname="DESKTOP-OECSJE3" time="19.999">
  <properties/>
  <testcase name="Usuario ingresa texto en letra negrilla" classname="Customer do login and he finish to buy" time="19.999"/>
  <system-out><![CDATA[]]></system-out>
  <system-err><![CDATA[may 15, 2023 5:30:39 PM org.openqa.selenium.remote.DesiredCapabilities chrome
INFORMACIÓN: Using `new ChromeOptions()` is preferred to `DesiredCapabilities.chrome()`
Starting ChromeDriver 113.0.5672.63 (0e1a4471d5ae5bf128b1bd8f4d627c8cbd55f70c-refs/branch-heads/5672@{#912}) on port 38620
Only local connections are allowed.
Please see https://chromedriver.chromium.org/security-considerations for suggestions on keeping ChromeDriver safe.
ChromeDriver was started successfully.
may 15, 2023 5:30:43 PM org.openqa.selenium.remote.ProtocolHandshake createSession
INFORMACIÓN: Detected dialect: W3C
]]></system-err>
</testsuite>
